<?xml version="1.0" encoding="UTF-8"?>
<testng-results skipped="0" failed="0" ignored="0" total="2" passed="2">
  <reporter-output>
  </reporter-output>
  <suite name="Default suite" duration-ms="52564" started-at="2019-01-05T11:39:33Z" finished-at="2019-01-05T11:40:26Z">
    <groups>
    </groups>
    <test name="Default test" duration-ms="52564" started-at="2019-01-05T11:39:33Z" finished-at="2019-01-05T11:40:26Z">
      <class name="TestCases.TestCase1">
        <test-method status="PASS" signature="f()[pri:0, instance:TestCases.TestCase1@4cc0edeb]" name="f" duration-ms="17082" started-at="2019-01-05T11:39:33Z" finished-at="2019-01-05T11:39:51Z">
          <reporter-output>
          </reporter-output>
        </test-method> <!-- f -->
        <test-method status="PASS" signature="f1()[pri:0, instance:TestCases.TestCase1@4cc0edeb]" name="f1" duration-ms="35427" started-at="2019-01-05T11:39:51Z" finished-at="2019-01-05T11:40:26Z">
          <reporter-output>
          </reporter-output>
        </test-method> <!-- f1 -->
      </class> <!-- TestCases.TestCase1 -->
    </test> <!-- Default test -->
  </suite> <!-- Default suite -->
</testng-results>
